<?xml version="1.0" encoding="UTF-8"?>
<!-- Generated by org.testng.reporters.JUnitReportReporter -->
<testsuite name="com.experitest.auto.IOSDemoTest" tests="1" time="23.294" ignored="0" failures="0" timestamp="08 Nov 2021 09:39:07 GMT" skipped="0" hostname="LAPTOP-LKHTRLME" errors="0">
  <testcase name="test" time="23.294" classname="com.experitest.auto.IOSDemoTest"/>
</testsuite> <!-- com.experitest.auto.IOSDemoTest -->
