<?xml version="1.0" encoding="UTF-8"?>
<!-- Generated by org.testng.reporters.JUnitReportReporter -->
<testsuite name="com.experitest.auto.AndroidDemoTest" tests="1" time="49.823" ignored="0" failures="0" timestamp="08 Nov 2021 09:39:07 GMT" skipped="0" hostname="LAPTOP-LKHTRLME" errors="0">
  <testcase name="test" time="49.823" classname="com.experitest.auto.AndroidDemoTest"/>
</testsuite> <!-- com.experitest.auto.AndroidDemoTest -->
